Unity Editor version:    2022.3.17f1 (4fc78088f837)
Branch:                  2022.3/staging
Build type:              Release
Batch mode:              YES
macOS version:           Version 15.2 (Build 24C101)
Darwin version:          24.2.0
Architecture:            arm64
Running under Rosetta:   NO
Available memory:        16384 MB
Using pre-set license
Pro License: YES

COMMAND LINE ARGUMENTS:
/Applications/Unity/Hub/Editor/2022.3.17f1/Unity.app/Contents/MacOS/Unity
-adb2
-batchMode
-noUpm
-name
AssetImportWorker0
-projectPath
/Users/marcella/Desktop/SCHOOL/nuJunior/S2/GAME3800/GAME3800RestEasy/RestEasy
-logFile
Logs/AssetImportWorker0.log
-srvPort
54817
Successfully changed project path to: /Users/marcella/Desktop/SCHOOL/nuJunior/S2/GAME3800/GAME3800RestEasy/RestEasy
/Users/marcella/Desktop/SCHOOL/nuJunior/S2/GAME3800/GAME3800RestEasy/RestEasy
[UnityMemory] Configuration Parameters - Can be set up in boot.config
    "memorysetup-bucket-allocator-granularity=16"
    "memorysetup-bucket-allocator-bucket-count=8"
    "memorysetup-bucket-allocator-block-size=33554432"
    "memorysetup-bucket-allocator-block-count=8"
    "memorysetup-main-allocator-block-size=16777216"
    "memorysetup-thread-allocator-block-size=16777216"
    "memorysetup-gfx-main-allocator-block-size=16777216"
    "memorysetup-gfx-thread-allocator-block-size=16777216"
    "memorysetup-cache-allocator-block-size=4194304"
    "memorysetup-typetree-allocator-block-size=2097152"
    "memorysetup-profiler-bucket-allocator-granularity=16"
    "memorysetup-profiler-bucket-allocator-bucket-count=8"
    "memorysetup-profiler-bucket-allocator-block-size=33554432"
    "memorysetup-profiler-bucket-allocator-block-count=8"
    "memorysetup-profiler-allocator-block-size=16777216"
    "memorysetup-profiler-editor-allocator-block-size=1048576"
    "memorysetup-temp-allocator-size-main=16777216"
    "memorysetup-job-temp-allocator-block-size=2097152"
    "memorysetup-job-temp-allocator-block-size-background=1048576"
    "memorysetup-job-temp-allocator-reduction-small-platforms=262144"
    "memorysetup-allocator-temp-initial-block-size-main=262144"
    "memorysetup-allocator-temp-initial-block-size-worker=262144"
    "memorysetup-temp-allocator-size-background-worker=32768"
    "memorysetup-temp-allocator-size-job-worker=262144"
    "memorysetup-temp-allocator-size-preload-manager=33554432"
    "memorysetup-temp-allocator-size-nav-mesh-worker=65536"
    "memorysetup-temp-allocator-size-audio-worker=65536"
    "memorysetup-temp-allocator-size-cloud-worker=32768"
    "memorysetup-temp-allocator-size-gi-baking-worker=262144"
    "memorysetup-temp-allocator-size-gfx=262144"
Player connection [8603779648] Host "[IP] 10.0.0.189 [Port] 0 [Flags] 2 [Guid] 2491438949 [EditorId] 2491438949 [Version] 1048832 [Id] OSXEditor(0,marcellas-MacBook-Pro.local) [Debug] 1 [PackageName] OSXEditor [ProjectName] Editor" joined multi-casting on [225.0.0.222:54997]...

Player connection [8603779648] Host "[IP] 10.0.0.189 [Port] 0 [Flags] 2 [Guid] 2491438949 [EditorId] 2491438949 [Version] 1048832 [Id] OSXEditor(0,marcellas-MacBook-Pro.local) [Debug] 1 [PackageName] OSXEditor [ProjectName] Editor" joined alternative multi-casting on [225.0.0.222:34997]...

[Physics::Module] Initialized MultithreadedJobDispatcher with 9 workers.
Refreshing native plugins compatible for Editor in 0.00 ms, found 0 plugins.
Preloading 0 native plugins for Editor in 0.00 ms.
Initialize engine version: 2022.3.17f1 (4fc78088f837)
[Subsystems] Discovering subsystems at path /Applications/Unity/Hub/Editor/2022.3.17f1/Unity.app/Contents/Resources/UnitySubsystems
[Subsystems] Discovering subsystems at path /Users/marcella/Desktop/SCHOOL/nuJunior/S2/GAME3800/GAME3800RestEasy/RestEasy/Assets
GfxDevice: creating device client; threaded=0; jobified=0
 preferred device: Apple M1 Pro (high power)
Metal devices available: 1
0: Apple M1 Pro (high power)
Using device Apple M1 Pro (high power)
Initializing Metal device caps: Apple M1 Pro
Initialize mono
Mono path[0] = '/Applications/Unity/Hub/Editor/2022.3.17f1/Unity.app/Contents/Managed'
Mono path[1] = '/Applications/Unity/Hub/Editor/2022.3.17f1/Unity.app/Contents/MonoBleedingEdge/lib/mono/unityjit-macos'
Mono config path = '/Applications/Unity/Hub/Editor/2022.3.17f1/Unity.app/Contents/MonoBleedingEdge/etc'
Using monoOptions --debugger-agent=transport=dt_socket,embedding=1,server=y,suspend=n,address=127.0.0.1:56561
Begin MonoManager ReloadAssembly
Registering precompiled unity dll's ...
Register platform support module: /Applications/Unity/Hub/Editor/2022.3.17f1/PlaybackEngines/WebGLSupport/UnityEditor.WebGL.Extensions.dll
Register platform support module: /Applications/Unity/Hub/Editor/2022.3.17f1/Unity.app/Contents/PlaybackEngines/MacStandaloneSupport/UnityEditor.OSXStandalone.Extensions.dll
Registered in 0.003356 seconds.
- Loaded All Assemblies, in  0.250 seconds
Native extension for OSXStandalone target not found
Native extension for WebGL target not found
Mono: successfully reloaded assembly
- Finished resetting the current domain, in  0.164 seconds
Domain Reload Profiling: 414ms
	BeginReloadAssembly (83ms)
		ExecutionOrderSort (0ms)
		DisableScriptedObjects (0ms)
		BackupInstance (0ms)
		ReleaseScriptingObjects (0ms)
		CreateAndSetChildDomain (0ms)
	RebuildCommonClasses (23ms)
	RebuildNativeTypeToScriptingClass (8ms)
	initialDomainReloadingComplete (33ms)
	LoadAllAssembliesAndSetupDomain (103ms)
		LoadAssemblies (83ms)
		RebuildTransferFunctionScriptingTraits (0ms)
		AnalyzeDomain (101ms)
			TypeCache.Refresh (100ms)
				TypeCache.ScanAssembly (89ms)
			ScanForSourceGeneratedMonoScriptInfo (0ms)
			ResolveRequiredComponents (0ms)
	FinalizeReload (165ms)
		ReleaseScriptCaches (0ms)
		RebuildScriptCaches (0ms)
		SetupLoadedEditorAssemblies (127ms)
			LogAssemblyErrors (0ms)
			InitializePlatformSupportModulesInManaged (5ms)
			SetLoadedEditorAssemblies (4ms)
			RefreshPlugins (0ms)
			BeforeProcessingInitializeOnLoad (1ms)
			ProcessInitializeOnLoadAttributes (90ms)
			ProcessInitializeOnLoadMethodAttributes (28ms)
			AfterProcessingInitializeOnLoad (0ms)
			EditorAssembliesLoaded (0ms)
		ExecutionOrderSort2 (0ms)
		AwakeInstancesAfterBackupRestoration (0ms)
========================================================================
Worker process is ready to serve import requests
Begin MonoManager ReloadAssembly
- Loaded All Assemblies, in  0.124 seconds
Refreshing native plugins compatible for Editor in 0.00 ms, found 0 plugins.
Native extension for OSXStandalone target not found
Native extension for WebGL target not found
Mono: successfully reloaded assembly
- Finished resetting the current domain, in  0.195 seconds
Domain Reload Profiling: 319ms
	BeginReloadAssembly (78ms)
		ExecutionOrderSort (0ms)
		DisableScriptedObjects (3ms)
		BackupInstance (0ms)
		ReleaseScriptingObjects (0ms)
		CreateAndSetChildDomain (16ms)
	RebuildCommonClasses (23ms)
	RebuildNativeTypeToScriptingClass (8ms)
	initialDomainReloadingComplete (11ms)
	LoadAllAssembliesAndSetupDomain (5ms)
		LoadAssemblies (40ms)
		RebuildTransferFunctionScriptingTraits (0ms)
		AnalyzeDomain (4ms)
			TypeCache.Refresh (3ms)
				TypeCache.ScanAssembly (0ms)
			ScanForSourceGeneratedMonoScriptInfo (0ms)
			ResolveRequiredComponents (0ms)
	FinalizeReload (195ms)
		ReleaseScriptCaches (0ms)
		RebuildScriptCaches (0ms)
		SetupLoadedEditorAssemblies (112ms)
			LogAssemblyErrors (0ms)
			InitializePlatformSupportModulesInManaged (3ms)
			SetLoadedEditorAssemblies (4ms)
			RefreshPlugins (0ms)
			BeforeProcessingInitializeOnLoad (11ms)
			ProcessInitializeOnLoadAttributes (82ms)
			ProcessInitializeOnLoadMethodAttributes (11ms)
			AfterProcessingInitializeOnLoad (1ms)
			EditorAssembliesLoaded (0ms)
		ExecutionOrderSort2 (0ms)
		AwakeInstancesAfterBackupRestoration (2ms)
Launching external process: /Applications/Unity/Hub/Editor/2022.3.17f1/Unity.app/Contents/Tools/UnityShaderCompiler
Launched and connected shader compiler UnityShaderCompiler after 0.03 seconds
Refreshing native plugins compatible for Editor in 0.00 ms, found 0 plugins.
Preloading 0 native plugins for Editor in 0.00 ms.
Unloading 6 Unused Serialized files (Serialized files now loaded: 0)
Unloading 3 unused Assets / (34.4 KB). Loaded Objects now: 477.
Memory consumption went from 55.1 MB to 55.1 MB.
Total: 1.911542 ms (FindLiveObjects: 0.019083 ms CreateObjectMapping: 0.001959 ms MarkObjects: 1.849416 ms  DeleteObjects: 0.040791 ms)

AssetImportParameters requested are different than current active one (requested -> active):
  custom:video-decoder-ogg-theora: a1e56fd34408186e4bbccfd4996cb3dc -> 
  custom:container-muxer-webm: aa71ff27fc2769a1b78a27578f13a17b -> 
  custom:container-demuxer-webm: 4f35f7cbe854078d1ac9338744f61a02 -> 
  custom:video-encoder-webm-vp8: eb34c28f22e8b96e1ab97ce403110664 -> 
  custom:framework-osx-AVFoundation: e770b220cccbd017edd2c1fefb359320 -> 
  custom:CustomObjectIndexerAttribute: 6d391050e5a25f67b0a2c618074f2cd9 -> 
  custom:audio-encoder-webm-vorbis: bf7c407c2cedff20999df2af8eb42d56 -> 
  custom:SearchIndexIgnoredProperties: e643bd26f0fe6173181afceb89e7c659 -> 
  custom:container-demuxer-ogg: 62fdf1f143b41e24485cea50d1cbac27 -> 
  custom:video-decoder-webm-vp8: 9c59270c3fd7afecdb556c50c9e8de78 -> 
  custom:audio-decoder-ogg-vorbis: bf7c407c2cedff20999df2af8eb42d56 -> 
  custom:AudioImporter_EditorPlatform: 3918e3fc78b5a79bad01e8451be0beb8 -> 
========================================================================
Received Import Request.
  Time since last request: 1658911.950166 seconds.
  path: Assets/Scenes/level-greybox.unity
  artifactKey: Guid(6ff4bd0103294473f94a751debcfc20a) Importer(815301076,1909f56bfc062723c751e8b465ee728b)
Start importing Assets/Scenes/level-greybox.unity using Guid(6ff4bd0103294473f94a751debcfc20a) Importer(815301076,1909f56bfc062723c751e8b465ee728b)  -> (artifact id: '36b5cf0c3584c55263d643cb72ac7477') in 0.001100 seconds
Number of updated asset objects reloaded before import = 0
Number of asset objects unloaded after import = 0
========================================================================
Received Import Request.
  Time since last request: 50.035917 seconds.
  path: Assets/Materials/ReferenceImage-Floor1.mat
  artifactKey: Guid(0fa3f277ff93c4e48a8d06cc1d12b841) Importer(815301076,1909f56bfc062723c751e8b465ee728b)
Start importing Assets/Materials/ReferenceImage-Floor1.mat using Guid(0fa3f277ff93c4e48a8d06cc1d12b841) Importer(815301076,1909f56bfc062723c751e8b465ee728b)  -> (artifact id: '84dd9877f9c145d2bc5f7a0dcd7cd5b1') in 0.479152 seconds
Number of updated asset objects reloaded before import = 0
Number of asset objects unloaded after import = 2
========================================================================
Received Import Request.
  Time since last request: 302.505275 seconds.
  path: Assets/Models&Meshes/bookshelf.fbx
  artifactKey: Guid(5f7a514cc10424fa4bc40e7028a3e8b8) Importer(815301076,1909f56bfc062723c751e8b465ee728b)
Start importing Assets/Models&Meshes/bookshelf.fbx using Guid(5f7a514cc10424fa4bc40e7028a3e8b8) Importer(815301076,1909f56bfc062723c751e8b465ee728b)  -> (artifact id: '30ac91462fd10a1ab65c40767423a169') in 4.863029 seconds
Number of updated asset objects reloaded before import = 0
Number of asset objects unloaded after import = 6497
========================================================================
Received Import Request.
  Time since last request: 438.088617 seconds.
  path: Assets/Prefabs/Bookshelf.prefab
  artifactKey: Guid(d04e20bccca744ceba4786aa3912052b) Importer(815301076,1909f56bfc062723c751e8b465ee728b)
Start importing Assets/Prefabs/Bookshelf.prefab using Guid(d04e20bccca744ceba4786aa3912052b) Importer(815301076,1909f56bfc062723c751e8b465ee728b)  -> (artifact id: '86a8647732c79bd8df4c5e0524f5bdba') in 0.144411 seconds
Number of updated asset objects reloaded before import = 0
Number of asset objects unloaded after import = 11687
========================================================================
Received Import Request.
  Time since last request: 142.082777 seconds.
  path: Assets/Models&Meshes/coin.fbx
  artifactKey: Guid(c31217410bd5843408cf96ae4c4b7ba1) Importer(815301076,1909f56bfc062723c751e8b465ee728b)
Start importing Assets/Models&Meshes/coin.fbx using Guid(c31217410bd5843408cf96ae4c4b7ba1) Importer(815301076,1909f56bfc062723c751e8b465ee728b)  -> (artifact id: 'b7bd80c6d4b8a44ff3e00b743963c1d0') in 0.016346 seconds
Number of updated asset objects reloaded before import = 0
Number of asset objects unloaded after import = 7
========================================================================
Received Import Request.
  Time since last request: 219.633510 seconds.
  path: Assets/Models&Meshes/gumballMachine.fbx
  artifactKey: Guid(fa2badf7a6f0f45839962110e2589f88) Importer(815301076,1909f56bfc062723c751e8b465ee728b)
Start importing Assets/Models&Meshes/gumballMachine.fbx using Guid(fa2badf7a6f0f45839962110e2589f88) Importer(815301076,1909f56bfc062723c751e8b465ee728b)  -> (artifact id: '6583e40241bb7192e6dd6d7d5dd4026e') in 0.073828 seconds
Number of updated asset objects reloaded before import = 0
Number of asset objects unloaded after import = 112
========================================================================
Received Import Request.
  Time since last request: 137.685939 seconds.
  path: Assets/Prefabs/GumballMachine.prefab
  artifactKey: Guid(1a6d6b5c446404f97a4251aae5e571bb) Importer(815301076,1909f56bfc062723c751e8b465ee728b)
Start importing Assets/Prefabs/GumballMachine.prefab using Guid(1a6d6b5c446404f97a4251aae5e571bb) Importer(815301076,1909f56bfc062723c751e8b465ee728b)  -> (artifact id: '8ba2f82f248d437cc7c45e91f4bdbc0f') in 0.008998 seconds
Number of updated asset objects reloaded before import = 0
Number of asset objects unloaded after import = 203
========================================================================
Received Import Request.
  Time since last request: 40.679817 seconds.
  path: Assets/Prefabs/GumballMachine 1.prefab
  artifactKey: Guid(ece6bbaccb1eb4f11b83fc52e1e8f031) Importer(815301076,1909f56bfc062723c751e8b465ee728b)
Start importing Assets/Prefabs/GumballMachine 1.prefab using Guid(ece6bbaccb1eb4f11b83fc52e1e8f031) Importer(815301076,1909f56bfc062723c751e8b465ee728b)  -> (artifact id: '4250a01f5c3fa48e9db71ce863663a2d') in 0.006756 seconds
Number of updated asset objects reloaded before import = 0
Number of asset objects unloaded after import = 204
========================================================================
Received Import Request.
  Time since last request: 8.483935 seconds.
  path: Assets/Prefabs/GumballMachine.prefab
  artifactKey: Guid(ece6bbaccb1eb4f11b83fc52e1e8f031) Importer(815301076,1909f56bfc062723c751e8b465ee728b)
Start importing Assets/Prefabs/GumballMachine.prefab using Guid(ece6bbaccb1eb4f11b83fc52e1e8f031) Importer(815301076,1909f56bfc062723c751e8b465ee728b)  -> (artifact id: '918f6e017d1c2a984dc6cb10b74ec198') in 0.006690 seconds
Number of updated asset objects reloaded before import = 0
Number of asset objects unloaded after import = 204
========================================================================
Received Import Request.
  Time since last request: 339.138992 seconds.
  path: Assets/Models&Meshes/coin.fbx
  artifactKey: Guid(c31217410bd5843408cf96ae4c4b7ba1) Importer(815301076,1909f56bfc062723c751e8b465ee728b)
Start importing Assets/Models&Meshes/coin.fbx using Guid(c31217410bd5843408cf96ae4c4b7ba1) Importer(815301076,1909f56bfc062723c751e8b465ee728b)  -> (artifact id: '0e136e239a61d347202a359b0763aefa') in 0.011487 seconds
Number of updated asset objects reloaded before import = 0
Number of asset objects unloaded after import = 7
========================================================================
Received Import Request.
  Time since last request: 2.670490 seconds.
  path: Assets/Models&Meshes/key1.fbx
  artifactKey: Guid(6fd10c06890ef49d2b9694f27eb89535) Importer(815301076,1909f56bfc062723c751e8b465ee728b)
Start importing Assets/Models&Meshes/key1.fbx using Guid(6fd10c06890ef49d2b9694f27eb89535) Importer(815301076,1909f56bfc062723c751e8b465ee728b)  -> (artifact id: '5439ab7f7c7cc5b2681ae0292e684890') in 0.006664 seconds
Number of updated asset objects reloaded before import = 0
Number of asset objects unloaded after import = 7
========================================================================
Received Import Request.
  Time since last request: 2.854840 seconds.
  path: Assets/Models&Meshes/key2.fbx
  artifactKey: Guid(6d4271aa21b4449029f28df0664ed177) Importer(815301076,1909f56bfc062723c751e8b465ee728b)
Start importing Assets/Models&Meshes/key2.fbx using Guid(6d4271aa21b4449029f28df0664ed177) Importer(815301076,1909f56bfc062723c751e8b465ee728b)  -> (artifact id: '259aeef2367182d222730dc2daa7510b') in 0.007078 seconds
Number of updated asset objects reloaded before import = 0
Number of asset objects unloaded after import = 7
========================================================================
Received Import Request.
  Time since last request: 211.436376 seconds.
  path: Assets/Prefabs/GumballMachineCoin.prefab
  artifactKey: Guid(c874db673cb8148699eab049381ef49f) Importer(815301076,1909f56bfc062723c751e8b465ee728b)
Start importing Assets/Prefabs/GumballMachineCoin.prefab using Guid(c874db673cb8148699eab049381ef49f) Importer(815301076,1909f56bfc062723c751e8b465ee728b)  -> (artifact id: 'f12ef908e075a3c0294ca1b3d13247d0') in 0.005954 seconds
Number of updated asset objects reloaded before import = 0
Number of asset objects unloaded after import = 15
========================================================================
Received Import Request.
  Time since last request: 399.779239 seconds.
  path: Assets/Prefabs/GumballMachineKey.prefab
  artifactKey: Guid(385e6b1aabeca464f8e1ad65476c8747) Importer(815301076,1909f56bfc062723c751e8b465ee728b)
Start importing Assets/Prefabs/GumballMachineKey.prefab using Guid(385e6b1aabeca464f8e1ad65476c8747) Importer(815301076,1909f56bfc062723c751e8b465ee728b)  -> (artifact id: '167a13f364f58ef40b0b58bc5ae2d776') in 0.012112 seconds
Number of updated asset objects reloaded before import = 0
Number of asset objects unloaded after import = 15
========================================================================
Received Import Request.
  Time since last request: 442.898387 seconds.
  path: Assets/Models&Meshes/bookshelf 1.fbx
  artifactKey: Guid(7a87018d441984fd6a59623786edb1bf) Importer(815301076,1909f56bfc062723c751e8b465ee728b)
Start importing Assets/Models&Meshes/bookshelf 1.fbx using Guid(7a87018d441984fd6a59623786edb1bf) Importer(815301076,1909f56bfc062723c751e8b465ee728b)  -> (artifact id: '0304819251de6326c70d44528c6d31bd') in 4.543748 seconds
Number of updated asset objects reloaded before import = 0
Number of asset objects unloaded after import = 6497
========================================================================
Received Import Request.
  Time since last request: 565.149860 seconds.
  path: Assets/Models&Meshes/bookshelf.fbx
  artifactKey: Guid(5f7a514cc10424fa4bc40e7028a3e8b8) Importer(815301076,1909f56bfc062723c751e8b465ee728b)
Start importing Assets/Models&Meshes/bookshelf.fbx using Guid(5f7a514cc10424fa4bc40e7028a3e8b8) Importer(815301076,1909f56bfc062723c751e8b465ee728b)  -> (artifact id: 'e1275d8ed97e4f13af0eab2227d84f68') in 4.299052 seconds
Number of updated asset objects reloaded before import = 0
Number of asset objects unloaded after import = 6497
========================================================================
Received Import Request.
  Time since last request: 173.354820 seconds.
  path: Assets/Models&Meshes/bookshelf.fbx
  artifactKey: Guid(5f7a514cc10424fa4bc40e7028a3e8b8) Importer(815301076,1909f56bfc062723c751e8b465ee728b)
Start importing Assets/Models&Meshes/bookshelf.fbx using Guid(5f7a514cc10424fa4bc40e7028a3e8b8) Importer(815301076,1909f56bfc062723c751e8b465ee728b)  -> (artifact id: 'ac8290b39cdfb0f9a213c418e0b536ab') in 3.422743 seconds
Number of updated asset objects reloaded before import = 0
Number of asset objects unloaded after import = 6499
========================================================================
Received Import Request.
  Time since last request: 303.211698 seconds.
  path: Assets/Prefabs/Bookshelf.prefab
  artifactKey: Guid(d04e20bccca744ceba4786aa3912052b) Importer(815301076,1909f56bfc062723c751e8b465ee728b)
Start importing Assets/Prefabs/Bookshelf.prefab using Guid(d04e20bccca744ceba4786aa3912052b) Importer(815301076,1909f56bfc062723c751e8b465ee728b)  -> (artifact id: '2ffc8943abce72cac628947b8bfafeae') in 0.144866 seconds
Number of updated asset objects reloaded before import = 0
Number of asset objects unloaded after import = 11685
========================================================================
Received Import Request.
  Time since last request: 396.749310 seconds.
  path: Assets/Models&Meshes/bookshelf.fbx
  artifactKey: Guid(5f7a514cc10424fa4bc40e7028a3e8b8) Importer(815301076,1909f56bfc062723c751e8b465ee728b)
Start importing Assets/Models&Meshes/bookshelf.fbx using Guid(5f7a514cc10424fa4bc40e7028a3e8b8) Importer(815301076,1909f56bfc062723c751e8b465ee728b)  -> (artifact id: '229b90b37df7b30a3104c06873046105') in 3.979005 seconds
Number of updated asset objects reloaded before import = 0
Number of asset objects unloaded after import = 6497
========================================================================
Received Import Request.
  Time since last request: 270.584008 seconds.
  path: Assets/Prefabs/Bookshelf.prefab
  artifactKey: Guid(d04e20bccca744ceba4786aa3912052b) Importer(815301076,1909f56bfc062723c751e8b465ee728b)
Start importing Assets/Prefabs/Bookshelf.prefab using Guid(d04e20bccca744ceba4786aa3912052b) Importer(815301076,1909f56bfc062723c751e8b465ee728b)  -> (artifact id: 'd7af2049d2401922b15286e501f6d53f') in 0.107465 seconds
Number of updated asset objects reloaded before import = 0
Number of asset objects unloaded after import = 11685
========================================================================
Received Import Request.
  Time since last request: 247.459541 seconds.
  path: Assets/Prefabs/BookshelfKey.prefab
  artifactKey: Guid(655279f849cc741cb806b70510939ea3) Importer(815301076,1909f56bfc062723c751e8b465ee728b)
Start importing Assets/Prefabs/BookshelfKey.prefab using Guid(655279f849cc741cb806b70510939ea3) Importer(815301076,1909f56bfc062723c751e8b465ee728b)  -> (artifact id: '7da6bd60a46ff04cebb58d2dedaf1e66') in 0.009403 seconds
Number of updated asset objects reloaded before import = 0
Number of asset objects unloaded after import = 15
